# JRE version: OpenJDK Runtime Environment Temurin-17.0.20+8 (17.0.20+8) (build 17.0.20+8)
# Java VM: OpenJDK 64-Bit Server VM Temurin-17.0.20+8 (17.0.20+8, mixed mode, sharing, tiered, compressed oops, compressed class ptrs, g1 gc, windows-amd64)
GC Precious Log:
 CPUs: 12 total, 12 available
 Memory: 7541M
 Large Page Support: Disabled
 NUMA Support: Disabled
 Compressed Oops: Enabled (32-bit)
 Heap Region Size: 1M
 Heap Min Capacity: 8M
 Heap Initial Capacity: 118M
 Heap Max Capacity: 1886M
 Pre-touch: Disabled
 Parallel Workers: 10
 Concurrent Workers: 3
 Concurrent Refinement Workers: 10
 Periodic GC: Disabled
Heap:
 garbage-first heap   total 120832K, used 71469K [0x000000008a200000, 0x0000000100000000)
  region size 1024K, 66 young (67584K), 8 survivors (8192K)
 Metaspace       used 16207K, committed 16512K, reserved 1114112K
  class space    used 1792K, committed 1920K, reserved 1048576K
GC Heap History (6 events):
Event: 4.121 GC heap before
{Heap before GC invocations=0 (full 0):
 garbage-first heap   total 120832K, used 23552K [0x000000008a200000, 0x0000000100000000)
  region size 1024K, 23 young (23552K), 0 survivors (0K)
 Metaspace       used 10846K, committed 11072K, reserved 1114112K
  class space    used 1170K, committed 1280K, reserved 1048576K
}
Event: 4.143 GC heap after
{Heap after GC invocations=1 (full 0):
 garbage-first heap   total 120832K, used 5692K [0x000000008a200000, 0x0000000100000000)
  region size 1024K, 3 young (3072K), 3 survivors (3072K)
 Metaspace       used 10846K, committed 11072K, reserved 1114112K
  class space    used 1170K, committed 1280K, reserved 1048576K
}
Event: 8.178 GC heap before
{Heap before GC invocations=1 (full 0):
 garbage-first heap   total 120832K, used 29244K [0x000000008a200000, 0x0000000100000000)
  region size 1024K, 27 young (27648K), 3 survivors (3072K)
 Metaspace       used 15627K, committed 15872K, reserved 1114112K
  class space    used 1753K, committed 1856K, reserved 1048576K
}
Event: 8.186 GC heap after
{Heap after GC invocations=2 (full 0):
 garbage-first heap   total 120832K, used 10585K [0x000000008a200000, 0x0000000100000000)
  region size 1024K, 4 young (4096K), 4 survivors (4096K)
 Metaspace       used 15627K, committed 15872K, reserved 1114112K
  class space    used 1753K, committed 1856K, reserved 1048576K
}
Event: 9.355 GC heap before
{Heap before GC invocations=2 (full 0):
 garbage-first heap   total 120832K, used 71001K [0x000000008a200000, 0x0000000100000000)
  region size 1024K, 64 young (65536K), 4 survivors (4096K)
 Metaspace       used 15895K, committed 16192K, reserved 1114112K
  class space    used 1771K, committed 1920K, reserved 1048576K
}
Event: 9.362 GC heap after
{Heap after GC invocations=3 (full 0):
 garbage-first heap   total 120832K, used 14125K [0x000000008a200000, 0x0000000100000000)
  region size 1024K, 8 young (8192K), 8 survivors (8192K)
 Metaspace       used 15895K, committed 16192K, reserved 1114112K
  class space    used 1771K, committed 1920K, reserved 1048576K
}

